<?xml version="1.0" encoding="UTF-8"?>
<!-- Generated by org.testng.reporters.JUnitXMLReporter -->
<testsuite ignored="0" hostname="ATMECSBLRLT-030" failures="1" tests="1" name="FireFox Test" time="23.666" errors="0" timestamp="2020-12-17T14:40:10 IST">
  <testcase classname="com.atmecs.testscripts.SearchCruiseClass" name="searchCruise" time="2.897">
    <failure type="org.openqa.selenium.ElementClickInterceptedException" message="Element &amp;lt;span class=&amp;quot;more-arr&amp;quot;&amp;gt; is not clickable at point (730,36) because another element &amp;lt;iframe id=&amp;quot;webklipper-publisher-widget-container-notification-frame&amp;quot; name=&amp;quot;notification-frame-~55870753&amp;quot;&amp;gt; obscures it
Build info: version: &amp;apos;3.141.59&amp;apos;, revision: &amp;apos;e82be7d358&amp;apos;, time: &amp;apos;2018-11-14T08:17:03&amp;apos;
System info: host: &amp;apos;ATMECSBLRLT-030&amp;apos;, ip: &amp;apos;192.168.56.1&amp;apos;, os.name: &amp;apos;Windows 10&amp;apos;, os.arch: &amp;apos;amd64&amp;apos;, os.version: &amp;apos;10.0&amp;apos;, java.version: &amp;apos;14.0.2&amp;apos;
Driver info: org.openqa.selenium.firefox.FirefoxDriver
Capabilities {acceptInsecureCerts: true, browserName: firefox, browserVersion: 83.0, javascriptEnabled: true, moz:accessibilityChecks: false, moz:buildID: 20201112153044, moz:geckodriverVersion: 0.27.0, moz:headless: false, moz:processID: 9372, moz:profile: C:\Users\abuthahir.musthafa..., moz:shutdownTimeout: 60000, moz:useNonSpecCompliantPointerOrigin: false, moz:webdriverClick: true, pageLoadStrategy: normal, platform: WINDOWS, platformName: WINDOWS, platformVersion: 10.0, rotatable: false, setWindowRect: true, strictFileInteractability: false, timeouts: {implicit: 0, pageLoad: 300000, script: 30000}, unhandledPromptBehavior: dismiss and notify}
Session ID: 8b995297-482c-4bdc-b584-08790e7778b6">
      <![CDATA[org.openqa.selenium.ElementClickInterceptedException: Element <span class="more-arr"> is not clickable at point (730,36) because another element <iframe id="webklipper-publisher-widget-container-notification-frame" name="notification-frame-~55870753"> obscures it
Build info: version: '3.141.59', revision: 'e82be7d358', time: '2018-11-14T08:17:03'
System info: host: 'ATMECSBLRLT-030', ip: '192.168.56.1', os.name: 'Windows 10', os.arch: 'amd64', os.version: '10.0', java.version: '14.0.2'
Driver info: org.openqa.selenium.firefox.FirefoxDriver
Capabilities {acceptInsecureCerts: true, browserName: firefox, browserVersion: 83.0, javascriptEnabled: true, moz:accessibilityChecks: false, moz:buildID: 20201112153044, moz:geckodriverVersion: 0.27.0, moz:headless: false, moz:processID: 9372, moz:profile: C:\Users\abuthahir.musthafa..., moz:shutdownTimeout: 60000, moz:useNonSpecCompliantPointerOrigin: false, moz:webdriverClick: true, pageLoadStrategy: normal, platform: WINDOWS, platformName: WINDOWS, platformVersion: 10.0, rotatable: false, setWindowRect: true, strictFileInteractability: false, timeouts: {implicit: 0, pageLoad: 300000, script: 30000}, unhandledPromptBehavior: dismiss and notify}
Session ID: 8b995297-482c-4bdc-b584-08790e7778b6
at org.openqa.selenium.remote.http.W3CHttpResponseCodec.createException(W3CHttpResponseCodec.java:187)
at org.openqa.selenium.remote.http.W3CHttpResponseCodec.decode(W3CHttpResponseCodec.java:122)
at org.openqa.selenium.remote.http.W3CHttpResponseCodec.decode(W3CHttpResponseCodec.java:49)
at org.openqa.selenium.remote.HttpCommandExecutor.execute(HttpCommandExecutor.java:158)
at org.openqa.selenium.remote.service.DriverCommandExecutor.execute(DriverCommandExecutor.java:83)
at org.openqa.selenium.remote.RemoteWebDriver.execute(RemoteWebDriver.java:552)
at org.openqa.selenium.remote.RemoteWebElement.execute(RemoteWebElement.java:285)
at org.openqa.selenium.remote.RemoteWebElement.click(RemoteWebElement.java:84)
at com.atmecs.helpers.HelperClass.PerformClick(HelperClass.java:21)
at com.atmecs.testscripts.SearchCruiseClass.searchCruise(SearchCruiseClass.java:43)
at java.base/java.util.ArrayList.forEach(ArrayList.java:1511)
at java.base/java.util.concurrent.FutureTask.run(FutureTask.java:264)
at java.base/java.util.concurrent.ThreadPoolExecutor.runWorker(ThreadPoolExecutor.java:1130)
at java.base/java.util.concurrent.ThreadPoolExecutor$Worker.run(ThreadPoolExecutor.java:630)
at java.base/java.lang.Thread.run(Thread.java:832)
... Removed 23 stack frames]]>
    </failure>
  </testcase> <!-- searchCruise -->
</testsuite> <!-- FireFox Test -->
