<?xml version="1.0" encoding="UTF-8"?>
<testng-results ignored="0" total="1" passed="1" failed="0" skipped="0">
  <reporter-output>
    <line>
      <![CDATA[Top Monuments Section  has been Displayed]]>
    </line>
    <line>
      <![CDATA[Qutub Minar has been Displayed]]>
    </line>
    <line>
      <![CDATA[Humayuns Tomb has been Displayed]]>
    </line>
  </reporter-output>
  <suite started-at="2020-12-14T18:05:09 IST" name="Suite" finished-at="2020-12-14T18:05:21 IST" duration-ms="12073">
    <groups>
    </groups>
    <test started-at="2020-12-14T18:05:09 IST" name="Chrome Test" finished-at="2020-12-14T18:05:21 IST" duration-ms="12073">
      <class name="com.atmecs.testscripts.MonumentClass">
        <test-method is-config="true" signature="browserSetUp(java.lang.String)[pri:0, instance:com.atmecs.testscripts.MonumentClass@5e316c74]" started-at="2020-12-14T18:05:09 IST" name="browserSetUp" finished-at="2020-12-14T18:05:18 IST" duration-ms="9477" status="PASS">
          <params>
            <param index="0">
              <value>
                <![CDATA[chrome]]>
              </value>
            </param>
          </params>
          <reporter-output>
          </reporter-output>
        </test-method> <!-- browserSetUp -->
        <test-method signature="displayMonuments()[pri:0, instance:com.atmecs.testscripts.MonumentClass@5e316c74]" started-at="2020-12-14T18:05:18 IST" name="displayMonuments" finished-at="2020-12-14T18:05:20 IST" duration-ms="1776" status="PASS">
          <reporter-output>
            <line>
              <![CDATA[Top Monuments Section  has been Displayed]]>
            </line>
            <line>
              <![CDATA[Qutub Minar has been Displayed]]>
            </line>
            <line>
              <![CDATA[Humayuns Tomb has been Displayed]]>
            </line>
          </reporter-output>
        </test-method> <!-- displayMonuments -->
        <test-method is-config="true" signature="closeBrowser()[pri:0, instance:com.atmecs.testscripts.MonumentClass@5e316c74]" started-at="2020-12-14T18:05:20 IST" name="closeBrowser" finished-at="2020-12-14T18:05:21 IST" duration-ms="783" status="PASS">
          <reporter-output>
          </reporter-output>
        </test-method> <!-- closeBrowser -->
      </class> <!-- com.atmecs.testscripts.MonumentClass -->
    </test> <!-- Chrome Test -->
  </suite> <!-- Suite -->
</testng-results>
